<component name="libraryTable">
  <library name="junit-4.13-rc-1">
    <CLASSES>
      <root url="jar://$PROJECT_DIR$/../../../../libraries/junit-4.13-rc-1.jar!/" />
    </CLASSES>
    <JAVADOC />
    <SOURCES />
  </library>
</component>